<?xml version="1.0" encoding="UTF-8"?>
<!-- Generated by org.testng.reporters.JUnitReportReporter -->
<testsuite hostname="M27RTFGF8JLHGYL" name="com.rawq.autoweb.utils.LAnalyzerTest" tests="1" failures="0" timestamp="18 Apr 2016 06:44:01 GMT" time="0.163" errors="0">
  <testcase name="testP2" time="0.163" classname="com.rawq.autoweb.utils.LAnalyzerTest"/>
</testsuite> <!-- com.rawq.autoweb.utils.LAnalyzerTest -->
