<?xml version="1.0" encoding="UTF-8"?>
<!-- Generated by org.testng.reporters.JUnitReportReporter -->
<testsuite hostname="M27RTFGF8JLHGYL" name="com.rawq.autoweb.reflex.WorkTest" tests="1" failures="0" timestamp="25 Apr 2016 06:08:50 GMT" time="110.063" errors="0">
  <testcase name="getMethod" time="110.063" classname="com.rawq.autoweb.reflex.WorkTest"/>
</testsuite> <!-- com.rawq.autoweb.reflex.WorkTest -->
