<?xml version="1.0" encoding="UTF-8"?>
<!-- Generated by org.testng.reporters.JUnitReportReporter -->
<testsuite hostname="M27RTFGF8JLHGYL" name="com.rawq.autoweb.utils.SubSingTest" tests="1" failures="0" timestamp="18 Apr 2016 07:53:15 GMT" time="0.020" errors="0">
  <testcase name="getSubString" time="0.020" classname="com.rawq.autoweb.utils.SubSingTest"/>
</testsuite> <!-- com.rawq.autoweb.utils.SubSingTest -->
