<?xml version="1.0" encoding="UTF-8"?>
<!-- Generated by org.testng.reporters.JUnitReportReporter -->
<testsuite hostname="M27RTFGF8JLHGYL" name="com.rawq.autoweb.utils.GlobalSettingsTest" tests="1" failures="0" timestamp="23 Mar 2016 02:57:22 GMT" time="0.104" errors="0">
  <testcase name="GlobalSettings" time="0.104" classname="com.rawq.autoweb.utils.GlobalSettingsTest"/>
</testsuite> <!-- com.rawq.autoweb.utils.GlobalSettingsTest -->
