<?xml version="1.0" encoding="UTF-8"?>
<!-- Generated by org.testng.reporters.JUnitReportReporter -->
<testsuite hostname="M27RTFGF8JLHGYL" name="com.rawq.autoweb.service.imp.WCaseOperTest" tests="1" failures="0" timestamp="17 Mar 2016 08:16:29 GMT" time="0.496" errors="0">
  <testcase name="getWCaseById" time="0.496" classname="com.rawq.autoweb.service.imp.WCaseOperTest"/>
</testsuite> <!-- com.rawq.autoweb.service.imp.WCaseOperTest -->
