<?xml version="1.0" encoding="UTF-8"?>
<!-- Generated by org.testng.reporters.JUnitReportReporter -->
<testsuite hostname="M27RTFGF8JLHGYL" name="com.test.p1.BTest" tests="1" failures="0" timestamp="16 Mar 2016 02:26:36 GMT" time="0.013" errors="0">
  <testcase name="init" time="0.013" classname="com.test.p1.BTest"/>
</testsuite> <!-- com.test.p1.BTest -->
