<?xml version="1.0" encoding="UTF-8"?>
<!-- Generated by org.testng.reporters.JUnitReportReporter -->
<testsuite hostname="M27RTFGF8JLHGYL" name="com.rawq.autoweb.utils.SendDataTest" tests="1" failures="0" timestamp="18 Apr 2016 03:12:02 GMT" time="0.137" errors="0">
  <testcase name="readFileT" time="0.137" classname="com.rawq.autoweb.utils.SendDataTest"/>
</testsuite> <!-- com.rawq.autoweb.utils.SendDataTest -->
