<?xml version="1.0" encoding="UTF-8"?>
<!-- Generated by org.testng.reporters.JUnitReportReporter -->
<testsuite hostname="M27RTFGF8JLHGYL" name="com.rawq.autoweb.actions.AutoStartTest" tests="1" failures="0" timestamp="25 Apr 2016 08:03:19 GMT" time="3.654" errors="0">
  <testcase name="run" time="3.654" classname="com.rawq.autoweb.actions.AutoStartTest"/>
</testsuite> <!-- com.rawq.autoweb.actions.AutoStartTest -->
