<?xml version="1.0" encoding="UTF-8"?>
<!-- Generated by org.testng.reporters.JUnitReportReporter -->
<testsuite hostname="M27RTFGF8JLHGYL" name="com.rawq.autoweb.service.imp.WElementOperTest" tests="1" failures="0" timestamp="18 Apr 2016 06:22:54 GMT" time="1.106" errors="0">
  <testcase name="getElementByNameTest" time="1.106" classname="com.rawq.autoweb.service.imp.WElementOperTest"/>
</testsuite> <!-- com.rawq.autoweb.service.imp.WElementOperTest -->
