<?xml version="1.0" encoding="UTF-8"?>
<!-- Generated by org.testng.reporters.JUnitReportReporter -->
<testsuite hostname="M27RTFGF8JLHGYL" name="com.rawq.autoweb.testplan.manage.UploadCaseTest" tests="1" failures="0" timestamp="18 Apr 2016 06:02:26 GMT" time="180.297" errors="0">
  <testcase name="uploadCaseFromXls" time="180.297" classname="com.rawq.autoweb.testplan.manage.UploadCaseTest"/>
</testsuite> <!-- com.rawq.autoweb.testplan.manage.UploadCaseTest -->
