<?xml version="1.0" encoding="UTF-8"?>
<!-- Generated by org.testng.reporters.JUnitReportReporter -->
<testsuite hostname="M27RTFGF8JLHGYL" name="com.rawq.autoweb.actions.EngineTest" tests="1" failures="0" timestamp="28 Mar 2016 04:04:20 GMT" time="724.381" errors="0">
  <testcase name="start" time="724.381" classname="com.rawq.autoweb.actions.EngineTest"/>
</testsuite> <!-- com.rawq.autoweb.actions.EngineTest -->
