<?xml version="1.0" encoding="UTF-8"?>
<!-- Generated by org.testng.reporters.JUnitReportReporter -->
<testsuite hostname="M27RTFGF8JLHGYL" name="com.rawq.autoweb.utils.BshTest" tests="1" failures="0" timestamp="8 Apr 2016 06:55:33 GMT" time="0.198" errors="0">
  <testcase name="getResString" time="0.198" classname="com.rawq.autoweb.utils.BshTest"/>
</testsuite> <!-- com.rawq.autoweb.utils.BshTest -->
