<?xml version="1.0" encoding="UTF-8"?>
<!-- Generated by org.testng.reporters.JUnitReportReporter -->
<testsuite hostname="M27RTFGF8JLHGYL" name="com.rawq.autoweb.actions.SubmitZenTaoTest" tests="1" failures="0" timestamp="13 Apr 2016 09:23:47 GMT" time="0.170" errors="0">
  <testcase name="uploadimage" time="0.170" classname="com.rawq.autoweb.actions.SubmitZenTaoTest"/>
</testsuite> <!-- com.rawq.autoweb.actions.SubmitZenTaoTest -->
